2025-02-13 11:57:52 info: Connected to database
2025-02-13 11:58:26 info: Server is running on port 3000
2025-02-13 11:58:26 info: Connected to database
2025-02-13 11:58:33 info: Server is running on port 3000
2025-02-13 11:58:33 info: Connected to database
2025-02-13 11:59:56 info: Server is running on port 3000
2025-02-13 11:59:56 info: Connected to database
2025-02-13 12:03:29 info: ====================================
2025-02-13 12:03:29 info: Server connected to database...
2025-02-13 12:03:29 info: Server is running on port 3000
2025-02-13 12:03:29 info: http://localhost:3000
2025-02-13 12:03:29 info: ====================================
2025-02-13 12:03:29 info: Connected to database
2025-02-13 12:03:42 info: ====================================
2025-02-13 12:03:42 info: Server connected to database...
2025-02-13 12:03:42 info: Server is running on port 3000
2025-02-13 12:03:42 info: http://localhost:3000
2025-02-13 12:03:42 info: ====================================
2025-02-13 12:04:07 info: ====================================
2025-02-13 12:04:07 info: Server connected to database...
2025-02-13 12:04:07 info: Server is running on port 3000
2025-02-13 12:04:07 info: http://localhost:3000/
2025-02-13 12:04:07 info: ====================================
2025-02-13 12:04:36 info: ====================================
2025-02-13 12:04:36 info: Server connected to database...
2025-02-13 12:04:36 info: Server is running on port 3000
2025-02-13 12:04:36 info: http://localhost:3000/
2025-02-13 12:04:36 info: ====================================
2025-02-13 12:05:58 info: >====================================
2025-02-13 12:05:58 info: Server connected to database...
2025-02-13 12:05:58 info: Server is running on port 3000
2025-02-13 12:05:58 info: http://localhost:3000/
2025-02-13 12:05:58 info: ====================================
2025-02-13 12:06:10 info: ====================================
2025-02-13 12:06:10 info: Server connected to database...
2025-02-13 12:06:10 info: Server is running on port 3000
2025-02-13 12:06:10 info: http://localhost:3000/
2025-02-13 12:06:10 info: ====================================
2025-02-13 12:07:17 info: ====================================
2025-02-13 12:07:17 info: Server connected to database...
2025-02-13 12:07:17 info: Server is running on port 3000
2025-02-13 12:07:17 info: http://localhost:3000/
2025-02-13 12:07:17 info: ====================================
